<?xml version="1.0" encoding="UTF-8"?>
<testng-results skipped="0" failed="0" ignored="0" total="0" passed="0">
  <reporter-output>
  </reporter-output>
  <suite name="batchRunner.TestRunner" duration-ms="12" started-at="2021-03-31T10:58:39 UTC" finished-at="2021-03-31T10:58:39 UTC">
    <groups>
    </groups>
    <test name="Command line test" duration-ms="12" started-at="2021-03-31T10:58:39 UTC" finished-at="2021-03-31T10:58:39 UTC">
    </test> <!-- Command line test -->
  </suite> <!-- batchRunner.TestRunner -->
</testng-results>
